<?xml version="1.0" encoding="UTF-8"?>
<!-- Generated by org.testng.reporters.JUnitXMLReporter -->
<testsuite ignored="0" hostname="VILLARREALA" failures="0" tests="3" name="Test" time="59.996" errors="0" timestamp="2020-12-16T10:31:50 CST">
  <testcase classname="tests.LoginTest" name="signInFailed" time="0.297"/>
  <testcase classname="tests.LoginTest" name="signInSuccess" time="3.544"/>
  <testcase classname="tests.ActionsTest" name="clickOnSettingsOption" time="29.652"/>
</testsuite> <!-- Test -->
