<?xml version="1.0" encoding="UTF-8"?>
<testng-results ignored="0" total="6" passed="6" failed="0" skipped="0">
  <reporter-output>
  </reporter-output>
  <suite started-at="2020-12-16T13:08:53 CST" name="FullRegression" finished-at="2020-12-16T13:11:18 CST" duration-ms="144398">
    <groups>
      <group name="Actions">
        <method signature="ActionsTest.clickOnSettingsOption()[pri:1, instance:tests.ActionsTest@7f2cfe3f]" name="clickOnSettingsOption" class="tests.ActionsTest"/>
      </group> <!-- Actions -->
      <group name="login">
        <method signature="LoginTest.checkForgotPasswordLink()[pri:4, instance:tests.LoginTest@28194a50]" name="checkForgotPasswordLink" class="tests.LoginTest"/>
        <method signature="LoginTest.invalidEmail()[pri:2, instance:tests.LoginTest@28194a50]" name="invalidEmail" class="tests.LoginTest"/>
        <method signature="LoginTest.invalidUserPassword()[pri:3, instance:tests.LoginTest@28194a50]" name="invalidUserPassword" class="tests.LoginTest"/>
        <method signature="LoginTest.signInFailed()[pri:1, instance:tests.LoginTest@28194a50]" name="signInFailed" class="tests.LoginTest"/>
        <method signature="LoginTest.signInSuccess()[pri:5, instance:tests.LoginTest@28194a50]" name="signInSuccess" class="tests.LoginTest"/>
      </group> <!-- login -->
    </groups>
    <test started-at="2020-12-16T13:08:53 CST" name="Test1" finished-at="2020-12-16T13:11:18 CST" duration-ms="144398">
      <class name="tests.LoginTest">
        <test-method is-config="true" signature="beforeClass()[pri:0, instance:tests.LoginTest@28194a50]" started-at="2020-12-16T13:08:53 CST" name="beforeClass" finished-at="2020-12-16T13:09:03 CST" duration-ms="9987" status="PASS">
          <reporter-output>
          </reporter-output>
        </test-method> <!-- beforeClass -->
        <test-method is-config="true" signature="beforeC()[pri:0, instance:tests.LoginTest@28194a50]" started-at="2020-12-16T13:09:03 CST" name="beforeC" finished-at="2020-12-16T13:09:03 CST" duration-ms="1" status="PASS">
          <reporter-output>
          </reporter-output>
        </test-method> <!-- beforeC -->
        <test-method signature="signInFailed()[pri:1, instance:tests.LoginTest@28194a50]" started-at="2020-12-16T13:09:03 CST" name="signInFailed" description="logIn with invalid data" finished-at="2020-12-16T13:09:24 CST" duration-ms="20468" status="PASS">
          <reporter-output>
          </reporter-output>
        </test-method> <!-- signInFailed -->
        <test-method signature="invalidEmail()[pri:2, instance:tests.LoginTest@28194a50]" started-at="2020-12-16T13:09:24 CST" name="invalidEmail" description="logIn with invalid email" finished-at="2020-12-16T13:09:45 CST" duration-ms="21793" status="PASS">
          <reporter-output>
          </reporter-output>
        </test-method> <!-- invalidEmail -->
        <test-method signature="invalidUserPassword()[pri:3, instance:tests.LoginTest@28194a50]" started-at="2020-12-16T13:09:45 CST" name="invalidUserPassword" description="logIn with invalid password" finished-at="2020-12-16T13:09:47 CST" duration-ms="1906" status="PASS">
          <reporter-output>
          </reporter-output>
        </test-method> <!-- invalidUserPassword -->
        <test-method signature="checkForgotPasswordLink()[pri:4, instance:tests.LoginTest@28194a50]" started-at="2020-12-16T13:09:47 CST" name="checkForgotPasswordLink" description="Check forgot password link" finished-at="2020-12-16T13:09:47 CST" duration-ms="22" status="PASS">
          <reporter-output>
          </reporter-output>
        </test-method> <!-- checkForgotPasswordLink -->
        <test-method signature="signInSuccess()[pri:5, instance:tests.LoginTest@28194a50]" started-at="2020-12-16T13:09:47 CST" name="signInSuccess" description="logIn with correct data" finished-at="2020-12-16T13:10:24 CST" duration-ms="36449" status="PASS">
          <reporter-output>
          </reporter-output>
        </test-method> <!-- signInSuccess -->
        <test-method is-config="true" signature="afterClass()[pri:0, instance:tests.LoginTest@28194a50]" started-at="2020-12-16T13:10:24 CST" name="afterClass" finished-at="2020-12-16T13:10:25 CST" duration-ms="733" status="PASS">
          <reporter-output>
          </reporter-output>
        </test-method> <!-- afterClass -->
      </class> <!-- tests.LoginTest -->
      <class name="tests.ActionsTest">
        <test-method is-config="true" signature="beforeClass()[pri:0, instance:tests.ActionsTest@7f2cfe3f]" started-at="2020-12-16T13:10:25 CST" name="beforeClass" finished-at="2020-12-16T13:10:35 CST" duration-ms="9964" status="PASS">
          <reporter-output>
          </reporter-output>
        </test-method> <!-- beforeClass -->
        <test-method is-config="true" signature="beforeC()[pri:0, instance:tests.ActionsTest@7f2cfe3f]" started-at="2020-12-16T13:10:35 CST" name="beforeC" finished-at="2020-12-16T13:10:56 CST" duration-ms="21341" status="PASS">
          <reporter-output>
          </reporter-output>
        </test-method> <!-- beforeC -->
        <test-method signature="clickOnSettingsOption()[pri:1, instance:tests.ActionsTest@7f2cfe3f]" started-at="2020-12-16T13:10:56 CST" name="clickOnSettingsOption" description="Validate Action Filter" finished-at="2020-12-16T13:11:17 CST" duration-ms="20992" status="PASS">
          <reporter-output>
          </reporter-output>
        </test-method> <!-- clickOnSettingsOption -->
        <test-method is-config="true" signature="afterClass()[pri:0, instance:tests.ActionsTest@7f2cfe3f]" started-at="2020-12-16T13:11:17 CST" name="afterClass" finished-at="2020-12-16T13:11:18 CST" duration-ms="710" status="PASS">
          <reporter-output>
          </reporter-output>
        </test-method> <!-- afterClass -->
      </class> <!-- tests.ActionsTest -->
    </test> <!-- Test1 -->
  </suite> <!-- FullRegression -->
</testng-results>
