<?xml version="1.0" encoding="UTF-8"?>
<testng-results ignored="0" total="1" passed="1" failed="0" skipped="0">
  <reporter-output>
  </reporter-output>
  <suite started-at="2020-12-16T05:39:48 CST" name="Default suite" finished-at="2020-12-16T05:40:34 CST" duration-ms="46301">
    <groups>
      <group name="Actions">
        <method signature="ActionsTest.clickOnSettingsOption()[pri:1, instance:tests.ActionsTest@4ec4f3a0]" name="clickOnSettingsOption" class="tests.ActionsTest"/>
      </group> <!-- Actions -->
    </groups>
    <test started-at="2020-12-16T05:39:48 CST" name="Default test" finished-at="2020-12-16T05:40:34 CST" duration-ms="46301">
      <class name="tests.ActionsTest">
        <test-method is-config="true" signature="beforeClass()[pri:0, instance:tests.ActionsTest@4ec4f3a0]" started-at="2020-12-16T05:39:48 CST" name="beforeClass" finished-at="2020-12-16T05:39:58 CST" duration-ms="10522" status="PASS">
          <reporter-output>
          </reporter-output>
        </test-method> <!-- beforeClass -->
        <test-method is-config="true" signature="beforeC()[pri:0, instance:tests.ActionsTest@4ec4f3a0]" started-at="2020-12-16T05:39:58 CST" name="beforeC" finished-at="2020-12-16T05:40:02 CST" duration-ms="4170" status="PASS">
          <reporter-output>
          </reporter-output>
        </test-method> <!-- beforeC -->
        <test-method signature="clickOnSettingsOption()[pri:1, instance:tests.ActionsTest@4ec4f3a0]" started-at="2020-12-16T05:40:02 CST" name="clickOnSettingsOption" description="click on setting view button" finished-at="2020-12-16T05:40:33 CST" duration-ms="30792" status="PASS">
          <reporter-output>
          </reporter-output>
        </test-method> <!-- clickOnSettingsOption -->
        <test-method is-config="true" signature="afterClass()[pri:0, instance:tests.ActionsTest@4ec4f3a0]" started-at="2020-12-16T05:40:33 CST" name="afterClass" finished-at="2020-12-16T05:40:34 CST" duration-ms="772" status="PASS">
          <reporter-output>
          </reporter-output>
        </test-method> <!-- afterClass -->
      </class> <!-- tests.ActionsTest -->
    </test> <!-- Default test -->
  </suite> <!-- Default suite -->
</testng-results>
