<?xml version="1.0" encoding="UTF-8"?>
<!-- Generated by org.testng.reporters.JUnitXMLReporter -->
<testsuite ignored="0" hostname="VILLARREALA" failures="0" tests="5" name="Default test" time="97.756" errors="0" timestamp="2020-12-16T13:08:21 CST">
  <testcase classname="tests.LoginTest" name="signInFailed" time="20.514"/>
  <testcase classname="tests.LoginTest" name="invalidEmail" time="21.764"/>
  <testcase classname="tests.LoginTest" name="invalidUserPassword" time="1.841"/>
  <testcase classname="tests.LoginTest" name="checkForgotPasswordLink" time="0.021"/>
  <testcase classname="tests.LoginTest" name="signInSuccess" time="40.399"/>
</testsuite> <!-- Default test -->
