<?xml version="1.0" encoding="UTF-8"?>
<!-- Generated by org.testng.reporters.JUnitXMLReporter -->
<testsuite ignored="0" hostname="VILLARREALA" failures="0" tests="3" name="Test1" time="105.594" errors="0" timestamp="2020-12-16T10:39:04 CST">
  <testcase classname="tests.LoginTest" name="signInFailed" time="20.43"/>
  <testcase classname="tests.LoginTest" name="signInSuccess" time="23.423"/>
  <testcase classname="tests.ActionsTest" name="clickOnSettingsOption" time="21.053"/>
</testsuite> <!-- Test1 -->
