<?xml version="1.0" encoding="UTF-8"?>
<!-- Generated by org.testng.reporters.JUnitXMLReporter -->
<testsuite ignored="0" hostname="VILLARREALA" failures="0" tests="6" name="Test1" time="144.398" errors="0" timestamp="2020-12-16T13:11:18 CST">
  <testcase classname="tests.LoginTest" name="signInFailed" time="20.468"/>
  <testcase classname="tests.LoginTest" name="invalidEmail" time="21.793"/>
  <testcase classname="tests.LoginTest" name="invalidUserPassword" time="1.906"/>
  <testcase classname="tests.LoginTest" name="checkForgotPasswordLink" time="0.022"/>
  <testcase classname="tests.LoginTest" name="signInSuccess" time="36.449"/>
  <testcase classname="tests.ActionsTest" name="clickOnSettingsOption" time="20.992"/>
</testsuite> <!-- Test1 -->
